Build output check failed:
    Regex: 'command[- ]line option .* is valid for .* but not for C'
    Output line: 'cc1: warning: command line option ‘-Wnon-virtual-dtor’ is valid for C++/ObjC++ but not for C'
Compilation failed:
    source file: '/home/saab/Desktop/2023_UWR/opencv/opencv-4.x/build/CMakeFiles/CMakeTmp/src.c'
    check option: ' -fsigned-char -W -Wall -Wreturn-type  -Wnon-virtual-dtor'
===== BUILD LOG =====
Change Dir: /home/saab/Desktop/2023_UWR/opencv/opencv-4.x/build/CMakeFiles/CMakeTmp

Run Build Command(s):/usr/bin/make cmTC_5c824/fast && /usr/bin/make -f CMakeFiles/cmTC_5c824.dir/build.make CMakeFiles/cmTC_5c824.dir/build
make[1]: Entering directory '/home/saab/Desktop/2023_UWR/opencv/opencv-4.x/build/CMakeFiles/CMakeTmp'
Building C object CMakeFiles/cmTC_5c824.dir/src.c.o
/usr/bin/cc   -O3 -DNDEBUG -fPIE    -fsigned-char -W -Wall -Wreturn-type  -Wnon-virtual-dtor -o CMakeFiles/cmTC_5c824.dir/src.c.o   -c /home/saab/Desktop/2023_UWR/opencv/opencv-4.x/build/CMakeFiles/CMakeTmp/src.c
cc1: warning: command line option ‘-Wnon-virtual-dtor’ is valid for C++/ObjC++ but not for C
/home/saab/Desktop/2023_UWR/opencv/opencv-4.x/build/CMakeFiles/CMakeTmp/src.c:1: warning: ignoring #pragma   [-Wunknown-pragmas]
    1 | #pragma
      | 
Linking C executable cmTC_5c824
/usr/bin/cmake -E cmake_link_script CMakeFiles/cmTC_5c824.dir/link.txt --verbose=1
/usr/bin/cc   -O3 -DNDEBUG    CMakeFiles/cmTC_5c824.dir/src.c.o  -o cmTC_5c824 
make[1]: Leaving directory '/home/saab/Desktop/2023_UWR/opencv/opencv-4.x/build/CMakeFiles/CMakeTmp'


===== END =====

Build output check failed:
    Regex: 'command[- ]line option .* is valid for .* but not for C\+\+'
    Output line: 'cc1plus: warning: command line option ‘-Wmissing-prototypes’ is valid for C/ObjC but not for C++'
Compilation failed:
    source file: '/home/saab/Desktop/2023_UWR/opencv/opencv-4.x/build/CMakeFiles/CMakeTmp/src.cxx'
    check option: ' -fsigned-char -W -Wall -Wreturn-type -Wnon-virtual-dtor -Waddress -Wsequence-point -Wformat -Wformat-security -Wmissing-declarations  -Wmissing-prototypes'
===== BUILD LOG =====
Change Dir: /home/saab/Desktop/2023_UWR/opencv/opencv-4.x/build/CMakeFiles/CMakeTmp

Run Build Command(s):/usr/bin/make cmTC_b48bd/fast && /usr/bin/make -f CMakeFiles/cmTC_b48bd.dir/build.make CMakeFiles/cmTC_b48bd.dir/build
make[1]: Entering directory '/home/saab/Desktop/2023_UWR/opencv/opencv-4.x/build/CMakeFiles/CMakeTmp'
Building CXX object CMakeFiles/cmTC_b48bd.dir/src.cxx.o
/usr/bin/c++    -O3 -DNDEBUG -fPIE    -fsigned-char -W -Wall -Wreturn-type -Wnon-virtual-dtor -Waddress -Wsequence-point -Wformat -Wformat-security -Wmissing-declarations  -Wmissing-prototypes -std=c++11 -o CMakeFiles/cmTC_b48bd.dir/src.cxx.o -c /home/saab/Desktop/2023_UWR/opencv/opencv-4.x/build/CMakeFiles/CMakeTmp/src.cxx
cc1plus: warning: command line option ‘-Wmissing-prototypes’ is valid for C/ObjC but not for C++
/home/saab/Desktop/2023_UWR/opencv/opencv-4.x/build/CMakeFiles/CMakeTmp/src.cxx:1: warning: ignoring #pragma   [-Wunknown-pragmas]
    1 | #pragma
      | 
Linking CXX executable cmTC_b48bd
/usr/bin/cmake -E cmake_link_script CMakeFiles/cmTC_b48bd.dir/link.txt --verbose=1
/usr/bin/c++    -O3 -DNDEBUG    CMakeFiles/cmTC_b48bd.dir/src.cxx.o  -o cmTC_b48bd 
make[1]: Leaving directory '/home/saab/Desktop/2023_UWR/opencv/opencv-4.x/build/CMakeFiles/CMakeTmp'


===== END =====

Build output check failed:
    Regex: 'command[- ]line option .* is valid for .* but not for C\+\+'
    Output line: 'cc1plus: warning: command line option ‘-Wstrict-prototypes’ is valid for C/ObjC but not for C++'
Compilation failed:
    source file: '/home/saab/Desktop/2023_UWR/opencv/opencv-4.x/build/CMakeFiles/CMakeTmp/src.cxx'
    check option: ' -fsigned-char -W -Wall -Wreturn-type -Wnon-virtual-dtor -Waddress -Wsequence-point -Wformat -Wformat-security -Wmissing-declarations  -Wstrict-prototypes'
===== BUILD LOG =====
Change Dir: /home/saab/Desktop/2023_UWR/opencv/opencv-4.x/build/CMakeFiles/CMakeTmp

Run Build Command(s):/usr/bin/make cmTC_c99c0/fast && /usr/bin/make -f CMakeFiles/cmTC_c99c0.dir/build.make CMakeFiles/cmTC_c99c0.dir/build
make[1]: Entering directory '/home/saab/Desktop/2023_UWR/opencv/opencv-4.x/build/CMakeFiles/CMakeTmp'
Building CXX object CMakeFiles/cmTC_c99c0.dir/src.cxx.o
/usr/bin/c++    -O3 -DNDEBUG -fPIE    -fsigned-char -W -Wall -Wreturn-type -Wnon-virtual-dtor -Waddress -Wsequence-point -Wformat -Wformat-security -Wmissing-declarations  -Wstrict-prototypes -std=c++11 -o CMakeFiles/cmTC_c99c0.dir/src.cxx.o -c /home/saab/Desktop/2023_UWR/opencv/opencv-4.x/build/CMakeFiles/CMakeTmp/src.cxx
cc1plus: warning: command line option ‘-Wstrict-prototypes’ is valid for C/ObjC but not for C++
/home/saab/Desktop/2023_UWR/opencv/opencv-4.x/build/CMakeFiles/CMakeTmp/src.cxx:1: warning: ignoring #pragma   [-Wunknown-pragmas]
    1 | #pragma
      | 
Linking CXX executable cmTC_c99c0
/usr/bin/cmake -E cmake_link_script CMakeFiles/cmTC_c99c0.dir/link.txt --verbose=1
/usr/bin/c++    -O3 -DNDEBUG    CMakeFiles/cmTC_c99c0.dir/src.cxx.o  -o cmTC_c99c0 
make[1]: Leaving directory '/home/saab/Desktop/2023_UWR/opencv/opencv-4.x/build/CMakeFiles/CMakeTmp'


===== END =====

Build output check failed:
    Regex: 'command[- ]line option .* is valid for .* but not for C'
    Output line: 'cc1: warning: command line option ‘-Wsign-promo’ is valid for C++/ObjC++ but not for C'
Compilation failed:
    source file: '/home/saab/Desktop/2023_UWR/opencv/opencv-4.x/build/CMakeFiles/CMakeTmp/src.c'
    check option: ' -fsigned-char -W -Wall -Wreturn-type -Waddress -Wsequence-point -Wformat -Wformat-security -Wmissing-declarations -Wmissing-prototypes -Wstrict-prototypes -Wundef -Winit-self -Wpointer-arith -Wshadow  -Wsign-promo'
===== BUILD LOG =====
Change Dir: /home/saab/Desktop/2023_UWR/opencv/opencv-4.x/build/CMakeFiles/CMakeTmp

Run Build Command(s):/usr/bin/make cmTC_6b0a7/fast && /usr/bin/make -f CMakeFiles/cmTC_6b0a7.dir/build.make CMakeFiles/cmTC_6b0a7.dir/build
make[1]: Entering directory '/home/saab/Desktop/2023_UWR/opencv/opencv-4.x/build/CMakeFiles/CMakeTmp'
Building C object CMakeFiles/cmTC_6b0a7.dir/src.c.o
/usr/bin/cc   -O3 -DNDEBUG -fPIE    -fsigned-char -W -Wall -Wreturn-type -Waddress -Wsequence-point -Wformat -Wformat-security -Wmissing-declarations -Wmissing-prototypes -Wstrict-prototypes -Wundef -Winit-self -Wpointer-arith -Wshadow  -Wsign-promo -o CMakeFiles/cmTC_6b0a7.dir/src.c.o   -c /home/saab/Desktop/2023_UWR/opencv/opencv-4.x/build/CMakeFiles/CMakeTmp/src.c
cc1: warning: command line option ‘-Wsign-promo’ is valid for C++/ObjC++ but not for C
/home/saab/Desktop/2023_UWR/opencv/opencv-4.x/build/CMakeFiles/CMakeTmp/src.c:1: warning: ignoring #pragma   [-Wunknown-pragmas]
    1 | #pragma
      | 
Linking C executable cmTC_6b0a7
/usr/bin/cmake -E cmake_link_script CMakeFiles/cmTC_6b0a7.dir/link.txt --verbose=1
/usr/bin/cc   -O3 -DNDEBUG    CMakeFiles/cmTC_6b0a7.dir/src.c.o  -o cmTC_6b0a7 
make[1]: Leaving directory '/home/saab/Desktop/2023_UWR/opencv/opencv-4.x/build/CMakeFiles/CMakeTmp'


===== END =====

Build output check failed:
    Regex: 'command[- ]line option .* is valid for .* but not for C'
    Output line: 'cc1: warning: command line option ‘-Wsuggest-override’ is valid for C++/ObjC++ but not for C'
Compilation failed:
    source file: '/home/saab/Desktop/2023_UWR/opencv/opencv-4.x/build/CMakeFiles/CMakeTmp/src.c'
    check option: ' -fsigned-char -W -Wall -Wreturn-type -Waddress -Wsequence-point -Wformat -Wformat-security -Wmissing-declarations -Wmissing-prototypes -Wstrict-prototypes -Wundef -Winit-self -Wpointer-arith -Wshadow -Wuninitialized  -Wsuggest-override'
===== BUILD LOG =====
Change Dir: /home/saab/Desktop/2023_UWR/opencv/opencv-4.x/build/CMakeFiles/CMakeTmp

Run Build Command(s):/usr/bin/make cmTC_b4fc5/fast && /usr/bin/make -f CMakeFiles/cmTC_b4fc5.dir/build.make CMakeFiles/cmTC_b4fc5.dir/build
make[1]: Entering directory '/home/saab/Desktop/2023_UWR/opencv/opencv-4.x/build/CMakeFiles/CMakeTmp'
Building C object CMakeFiles/cmTC_b4fc5.dir/src.c.o
/usr/bin/cc   -O3 -DNDEBUG -fPIE    -fsigned-char -W -Wall -Wreturn-type -Waddress -Wsequence-point -Wformat -Wformat-security -Wmissing-declarations -Wmissing-prototypes -Wstrict-prototypes -Wundef -Winit-self -Wpointer-arith -Wshadow -Wuninitialized  -Wsuggest-override -o CMakeFiles/cmTC_b4fc5.dir/src.c.o   -c /home/saab/Desktop/2023_UWR/opencv/opencv-4.x/build/CMakeFiles/CMakeTmp/src.c
cc1: warning: command line option ‘-Wsuggest-override’ is valid for C++/ObjC++ but not for C
/home/saab/Desktop/2023_UWR/opencv/opencv-4.x/build/CMakeFiles/CMakeTmp/src.c:1: warning: ignoring #pragma   [-Wunknown-pragmas]
    1 | #pragma
      | 
Linking C executable cmTC_b4fc5
/usr/bin/cmake -E cmake_link_script CMakeFiles/cmTC_b4fc5.dir/link.txt --verbose=1
/usr/bin/cc   -O3 -DNDEBUG    CMakeFiles/cmTC_b4fc5.dir/src.c.o  -o cmTC_b4fc5 
make[1]: Leaving directory '/home/saab/Desktop/2023_UWR/opencv/opencv-4.x/build/CMakeFiles/CMakeTmp'


===== END =====

Build output check failed:
    Regex: 'command[- ]line option .* is valid for .* but not for C'
    Output line: 'cc1: warning: command line option ‘-Wno-delete-non-virtual-dtor’ is valid for C++/ObjC++ but not for C'
Compilation failed:
    source file: '/home/saab/Desktop/2023_UWR/opencv/opencv-4.x/build/CMakeFiles/CMakeTmp/src.c'
    check option: ' -fsigned-char -W -Wall -Wreturn-type -Waddress -Wsequence-point -Wformat -Wformat-security -Wmissing-declarations -Wmissing-prototypes -Wstrict-prototypes -Wundef -Winit-self -Wpointer-arith -Wshadow -Wuninitialized  -Wno-delete-non-virtual-dtor'
===== BUILD LOG =====
Change Dir: /home/saab/Desktop/2023_UWR/opencv/opencv-4.x/build/CMakeFiles/CMakeTmp

Run Build Command(s):/usr/bin/make cmTC_af752/fast && /usr/bin/make -f CMakeFiles/cmTC_af752.dir/build.make CMakeFiles/cmTC_af752.dir/build
make[1]: Entering directory '/home/saab/Desktop/2023_UWR/opencv/opencv-4.x/build/CMakeFiles/CMakeTmp'
Building C object CMakeFiles/cmTC_af752.dir/src.c.o
/usr/bin/cc   -O3 -DNDEBUG -fPIE    -fsigned-char -W -Wall -Wreturn-type -Waddress -Wsequence-point -Wformat -Wformat-security -Wmissing-declarations -Wmissing-prototypes -Wstrict-prototypes -Wundef -Winit-self -Wpointer-arith -Wshadow -Wuninitialized  -Wno-delete-non-virtual-dtor -o CMakeFiles/cmTC_af752.dir/src.c.o   -c /home/saab/Desktop/2023_UWR/opencv/opencv-4.x/build/CMakeFiles/CMakeTmp/src.c
cc1: warning: command line option ‘-Wno-delete-non-virtual-dtor’ is valid for C++/ObjC++ but not for C
/home/saab/Desktop/2023_UWR/opencv/opencv-4.x/build/CMakeFiles/CMakeTmp/src.c:1: warning: ignoring #pragma   [-Wunknown-pragmas]
    1 | #pragma
      | 
Linking C executable cmTC_af752
/usr/bin/cmake -E cmake_link_script CMakeFiles/cmTC_af752.dir/link.txt --verbose=1
/usr/bin/cc   -O3 -DNDEBUG    CMakeFiles/cmTC_af752.dir/src.c.o  -o cmTC_af752 
make[1]: Leaving directory '/home/saab/Desktop/2023_UWR/opencv/opencv-4.x/build/CMakeFiles/CMakeTmp'


===== END =====

Build output check failed:
    Regex: 'unrecognized .*option'
    Output line: 'cc1plus: warning: unrecognized command line option ‘-Wno-unnamed-type-template-args’'
Compilation failed:
    source file: '/home/saab/Desktop/2023_UWR/opencv/opencv-4.x/build/CMakeFiles/CMakeTmp/src.cxx'
    check option: ' -fsigned-char -W -Wall -Wreturn-type -Wnon-virtual-dtor -Waddress -Wsequence-point -Wformat -Wformat-security -Wmissing-declarations -Wundef -Winit-self -Wpointer-arith -Wshadow -Wsign-promo -Wuninitialized -Wsuggest-override -Wno-delete-non-virtual-dtor  -Wno-unnamed-type-template-args'
===== BUILD LOG =====
Change Dir: /home/saab/Desktop/2023_UWR/opencv/opencv-4.x/build/CMakeFiles/CMakeTmp

Run Build Command(s):/usr/bin/make cmTC_bd9bb/fast && /usr/bin/make -f CMakeFiles/cmTC_bd9bb.dir/build.make CMakeFiles/cmTC_bd9bb.dir/build
make[1]: Entering directory '/home/saab/Desktop/2023_UWR/opencv/opencv-4.x/build/CMakeFiles/CMakeTmp'
Building CXX object CMakeFiles/cmTC_bd9bb.dir/src.cxx.o
/usr/bin/c++    -O3 -DNDEBUG -fPIE    -fsigned-char -W -Wall -Wreturn-type -Wnon-virtual-dtor -Waddress -Wsequence-point -Wformat -Wformat-security -Wmissing-declarations -Wundef -Winit-self -Wpointer-arith -Wshadow -Wsign-promo -Wuninitialized -Wsuggest-override -Wno-delete-non-virtual-dtor  -Wno-unnamed-type-template-args -std=c++11 -o CMakeFiles/cmTC_bd9bb.dir/src.cxx.o -c /home/saab/Desktop/2023_UWR/opencv/opencv-4.x/build/CMakeFiles/CMakeTmp/src.cxx
/home/saab/Desktop/2023_UWR/opencv/opencv-4.x/build/CMakeFiles/CMakeTmp/src.cxx:1: warning: ignoring #pragma   [-Wunknown-pragmas]
    1 | #pragma
      | 
cc1plus: warning: unrecognized command line option ‘-Wno-unnamed-type-template-args’
Linking CXX executable cmTC_bd9bb
/usr/bin/cmake -E cmake_link_script CMakeFiles/cmTC_bd9bb.dir/link.txt --verbose=1
/usr/bin/c++    -O3 -DNDEBUG    CMakeFiles/cmTC_bd9bb.dir/src.cxx.o  -o cmTC_bd9bb 
make[1]: Leaving directory '/home/saab/Desktop/2023_UWR/opencv/opencv-4.x/build/CMakeFiles/CMakeTmp'


===== END =====

Build output check failed:
    Regex: 'unrecognized .*option'
    Output line: 'cc1: warning: unrecognized command line option ‘-Wno-unnamed-type-template-args’'
Compilation failed:
    source file: '/home/saab/Desktop/2023_UWR/opencv/opencv-4.x/build/CMakeFiles/CMakeTmp/src.c'
    check option: ' -fsigned-char -W -Wall -Wreturn-type -Waddress -Wsequence-point -Wformat -Wformat-security -Wmissing-declarations -Wmissing-prototypes -Wstrict-prototypes -Wundef -Winit-self -Wpointer-arith -Wshadow -Wuninitialized  -Wno-unnamed-type-template-args'
===== BUILD LOG =====
Change Dir: /home/saab/Desktop/2023_UWR/opencv/opencv-4.x/build/CMakeFiles/CMakeTmp

Run Build Command(s):/usr/bin/make cmTC_61451/fast && /usr/bin/make -f CMakeFiles/cmTC_61451.dir/build.make CMakeFiles/cmTC_61451.dir/build
make[1]: Entering directory '/home/saab/Desktop/2023_UWR/opencv/opencv-4.x/build/CMakeFiles/CMakeTmp'
Building C object CMakeFiles/cmTC_61451.dir/src.c.o
/usr/bin/cc   -O3 -DNDEBUG -fPIE    -fsigned-char -W -Wall -Wreturn-type -Waddress -Wsequence-point -Wformat -Wformat-security -Wmissing-declarations -Wmissing-prototypes -Wstrict-prototypes -Wundef -Winit-self -Wpointer-arith -Wshadow -Wuninitialized  -Wno-unnamed-type-template-args -o CMakeFiles/cmTC_61451.dir/src.c.o   -c /home/saab/Desktop/2023_UWR/opencv/opencv-4.x/build/CMakeFiles/CMakeTmp/src.c
/home/saab/Desktop/2023_UWR/opencv/opencv-4.x/build/CMakeFiles/CMakeTmp/src.c:1: warning: ignoring #pragma   [-Wunknown-pragmas]
    1 | #pragma
      | 
cc1: warning: unrecognized command line option ‘-Wno-unnamed-type-template-args’
Linking C executable cmTC_61451
/usr/bin/cmake -E cmake_link_script CMakeFiles/cmTC_61451.dir/link.txt --verbose=1
/usr/bin/cc   -O3 -DNDEBUG    CMakeFiles/cmTC_61451.dir/src.c.o  -o cmTC_61451 
make[1]: Leaving directory '/home/saab/Desktop/2023_UWR/opencv/opencv-4.x/build/CMakeFiles/CMakeTmp'


===== END =====

Build output check failed:
    Regex: 'command[- ]line option .* is valid for .* but not for C'
    Output line: 'cc1: warning: command line option ‘-fvisibility-inlines-hidden’ is valid for C++/ObjC++ but not for C'
Compilation failed:
    source file: '/home/saab/Desktop/2023_UWR/opencv/opencv-4.x/build/CMakeFiles/CMakeTmp/src.c'
    check option: ' -fsigned-char -W -Wall -Wreturn-type -Waddress -Wsequence-point -Wformat -Wformat-security -Wmissing-declarations -Wmissing-prototypes -Wstrict-prototypes -Wundef -Winit-self -Wpointer-arith -Wshadow -Wuninitialized -Wno-comment -Wimplicit-fallthrough=3 -Wno-strict-overflow -fdiagnostics-show-option -Wno-long-long -pthread -fomit-frame-pointer -ffunction-sections -fdata-sections  -msse -msse2 -msse3 -fvisibility=hidden  -fvisibility-inlines-hidden'
===== BUILD LOG =====
Change Dir: /home/saab/Desktop/2023_UWR/opencv/opencv-4.x/build/CMakeFiles/CMakeTmp

Run Build Command(s):/usr/bin/make cmTC_d4a1d/fast && /usr/bin/make -f CMakeFiles/cmTC_d4a1d.dir/build.make CMakeFiles/cmTC_d4a1d.dir/build
make[1]: Entering directory '/home/saab/Desktop/2023_UWR/opencv/opencv-4.x/build/CMakeFiles/CMakeTmp'
Building C object CMakeFiles/cmTC_d4a1d.dir/src.c.o
/usr/bin/cc   -O3 -DNDEBUG -fPIE    -fsigned-char -W -Wall -Wreturn-type -Waddress -Wsequence-point -Wformat -Wformat-security -Wmissing-declarations -Wmissing-prototypes -Wstrict-prototypes -Wundef -Winit-self -Wpointer-arith -Wshadow -Wuninitialized -Wno-comment -Wimplicit-fallthrough=3 -Wno-strict-overflow -fdiagnostics-show-option -Wno-long-long -pthread -fomit-frame-pointer -ffunction-sections -fdata-sections  -msse -msse2 -msse3 -fvisibility=hidden  -fvisibility-inlines-hidden -o CMakeFiles/cmTC_d4a1d.dir/src.c.o   -c /home/saab/Desktop/2023_UWR/opencv/opencv-4.x/build/CMakeFiles/CMakeTmp/src.c
cc1: warning: command line option ‘-fvisibility-inlines-hidden’ is valid for C++/ObjC++ but not for C
/home/saab/Desktop/2023_UWR/opencv/opencv-4.x/build/CMakeFiles/CMakeTmp/src.c:1: warning: ignoring #pragma   [-Wunknown-pragmas]
    1 | #pragma
      | 
Linking C executable cmTC_d4a1d
/usr/bin/cmake -E cmake_link_script CMakeFiles/cmTC_d4a1d.dir/link.txt --verbose=1
/usr/bin/cc   -O3 -DNDEBUG    CMakeFiles/cmTC_d4a1d.dir/src.c.o  -o cmTC_d4a1d 
make[1]: Leaving directory '/home/saab/Desktop/2023_UWR/opencv/opencv-4.x/build/CMakeFiles/CMakeTmp'


===== END =====

Determining if the function sgemm_ exists failed with the following output:
Change Dir: /home/saab/Desktop/2023_UWR/opencv/opencv-4.x/build/CMakeFiles/CMakeTmp

Run Build Command(s):/usr/bin/make cmTC_4d52a/fast && /usr/bin/make -f CMakeFiles/cmTC_4d52a.dir/build.make CMakeFiles/cmTC_4d52a.dir/build
make[1]: Entering directory '/home/saab/Desktop/2023_UWR/opencv/opencv-4.x/build/CMakeFiles/CMakeTmp'
Building C object CMakeFiles/cmTC_4d52a.dir/CheckFunctionExists.c.o
/usr/bin/cc   -fsigned-char -W -Wall -Wreturn-type -Waddress -Wsequence-point -Wformat -Wformat-security -Wmissing-declarations -Wmissing-prototypes -Wstrict-prototypes -Wundef -Winit-self -Wpointer-arith -Wshadow -Wuninitialized -Wno-comment -Wimplicit-fallthrough=3 -Wno-strict-overflow -fdiagnostics-show-option -Wno-long-long -pthread -fomit-frame-pointer -ffunction-sections -fdata-sections  -msse -msse2 -msse3 -fvisibility=hidden -DCHECK_FUNCTION_EXISTS=sgemm_ -O3 -DNDEBUG  -DNDEBUG -fPIE   -o CMakeFiles/cmTC_4d52a.dir/CheckFunctionExists.c.o   -c /usr/share/cmake-3.16/Modules/CheckFunctionExists.c
Linking C executable cmTC_4d52a
/usr/bin/cmake -E cmake_link_script CMakeFiles/cmTC_4d52a.dir/link.txt --verbose=1
/usr/bin/cc    -fsigned-char -W -Wall -Wreturn-type -Waddress -Wsequence-point -Wformat -Wformat-security -Wmissing-declarations -Wmissing-prototypes -Wstrict-prototypes -Wundef -Winit-self -Wpointer-arith -Wshadow -Wuninitialized -Wno-comment -Wimplicit-fallthrough=3 -Wno-strict-overflow -fdiagnostics-show-option -Wno-long-long -pthread -fomit-frame-pointer -ffunction-sections -fdata-sections  -msse -msse2 -msse3 -fvisibility=hidden -DCHECK_FUNCTION_EXISTS=sgemm_ -O3 -DNDEBUG  -DNDEBUG    -Wl,--gc-sections -Wl,--as-needed -Wl,--no-undefined  CMakeFiles/cmTC_4d52a.dir/CheckFunctionExists.c.o  -o cmTC_4d52a 
/usr/bin/ld: CMakeFiles/cmTC_4d52a.dir/CheckFunctionExists.c.o: in function `main':
CheckFunctionExists.c:(.text.startup.main+0x10): undefined reference to `sgemm_'
collect2: error: ld returned 1 exit status
make[1]: *** [CMakeFiles/cmTC_4d52a.dir/build.make:87: cmTC_4d52a] Error 1
make[1]: Leaving directory '/home/saab/Desktop/2023_UWR/opencv/opencv-4.x/build/CMakeFiles/CMakeTmp'
make: *** [Makefile:121: cmTC_4d52a/fast] Error 2



Determining if the function cheev_ exists failed with the following output:
Change Dir: /home/saab/Desktop/2023_UWR/opencv/opencv-4.x/build/CMakeFiles/CMakeTmp

Run Build Command(s):/usr/bin/make cmTC_c331e/fast && /usr/bin/make -f CMakeFiles/cmTC_c331e.dir/build.make CMakeFiles/cmTC_c331e.dir/build
make[1]: Entering directory '/home/saab/Desktop/2023_UWR/opencv/opencv-4.x/build/CMakeFiles/CMakeTmp'
Building C object CMakeFiles/cmTC_c331e.dir/CheckFunctionExists.c.o
/usr/bin/cc   -fsigned-char -W -Wall -Wreturn-type -Waddress -Wsequence-point -Wformat -Wformat-security -Wmissing-declarations -Wmissing-prototypes -Wstrict-prototypes -Wundef -Winit-self -Wpointer-arith -Wshadow -Wuninitialized -Wno-comment -Wimplicit-fallthrough=3 -Wno-strict-overflow -fdiagnostics-show-option -Wno-long-long -pthread -fomit-frame-pointer -ffunction-sections -fdata-sections  -msse -msse2 -msse3 -fvisibility=hidden -DCHECK_FUNCTION_EXISTS=cheev_ -O3 -DNDEBUG  -DNDEBUG -fPIE   -o CMakeFiles/cmTC_c331e.dir/CheckFunctionExists.c.o   -c /usr/share/cmake-3.16/Modules/CheckFunctionExists.c
Linking C executable cmTC_c331e
/usr/bin/cmake -E cmake_link_script CMakeFiles/cmTC_c331e.dir/link.txt --verbose=1
/usr/bin/cc    -fsigned-char -W -Wall -Wreturn-type -Waddress -Wsequence-point -Wformat -Wformat-security -Wmissing-declarations -Wmissing-prototypes -Wstrict-prototypes -Wundef -Winit-self -Wpointer-arith -Wshadow -Wuninitialized -Wno-comment -Wimplicit-fallthrough=3 -Wno-strict-overflow -fdiagnostics-show-option -Wno-long-long -pthread -fomit-frame-pointer -ffunction-sections -fdata-sections  -msse -msse2 -msse3 -fvisibility=hidden -DCHECK_FUNCTION_EXISTS=cheev_ -O3 -DNDEBUG  -DNDEBUG    -Wl,--gc-sections -Wl,--as-needed -Wl,--no-undefined  CMakeFiles/cmTC_c331e.dir/CheckFunctionExists.c.o  -o cmTC_c331e  /usr/lib/x86_64-linux-gnu/libblas.so 
/usr/bin/ld: CMakeFiles/cmTC_c331e.dir/CheckFunctionExists.c.o: in function `main':
CheckFunctionExists.c:(.text.startup.main+0x10): undefined reference to `cheev_'
collect2: error: ld returned 1 exit status
make[1]: *** [CMakeFiles/cmTC_c331e.dir/build.make:88: cmTC_c331e] Error 1
make[1]: Leaving directory '/home/saab/Desktop/2023_UWR/opencv/opencv-4.x/build/CMakeFiles/CMakeTmp'
make: *** [Makefile:121: cmTC_c331e/fast] Error 2



Build output check failed:
    Regex: 'command[- ]line option .* is valid for .* but not for C\+\+'
    Output line: 'cc1plus: warning: command line option ‘-Wno-missing-prototypes’ is valid for C/ObjC but not for C++'
Compilation failed:
    source file: '/home/saab/Desktop/2023_UWR/opencv/opencv-4.x/build/CMakeFiles/CMakeTmp/src.cxx'
    check option: ' -Wno-missing-prototypes'
===== BUILD LOG =====
Change Dir: /home/saab/Desktop/2023_UWR/opencv/opencv-4.x/build/CMakeFiles/CMakeTmp

Run Build Command(s):/usr/bin/make cmTC_79848/fast && /usr/bin/make -f CMakeFiles/cmTC_79848.dir/build.make CMakeFiles/cmTC_79848.dir/build
make[1]: Entering directory '/home/saab/Desktop/2023_UWR/opencv/opencv-4.x/build/CMakeFiles/CMakeTmp'
Building CXX object CMakeFiles/cmTC_79848.dir/src.cxx.o
/usr/bin/c++    -fsigned-char -W -Wall -Wreturn-type -Wnon-virtual-dtor -Waddress -Wsequence-point -Wformat -Wformat-security -Wmissing-declarations -Wundef -Winit-self -Wpointer-arith -Wshadow -Wsign-promo -Wuninitialized -Wsuggest-override -Wno-delete-non-virtual-dtor -Wno-comment -Wimplicit-fallthrough=3 -Wno-strict-overflow -fdiagnostics-show-option -Wno-long-long -pthread -fomit-frame-pointer -ffunction-sections -fdata-sections  -msse -msse2 -msse3 -fvisibility=hidden -fvisibility-inlines-hidden -Wno-deprecated  -O3 -DNDEBUG  -DNDEBUG -fPIE    -Wno-missing-prototypes -std=c++11 -o CMakeFiles/cmTC_79848.dir/src.cxx.o -c /home/saab/Desktop/2023_UWR/opencv/opencv-4.x/build/CMakeFiles/CMakeTmp/src.cxx
cc1plus: warning: command line option ‘-Wno-missing-prototypes’ is valid for C/ObjC but not for C++
/home/saab/Desktop/2023_UWR/opencv/opencv-4.x/build/CMakeFiles/CMakeTmp/src.cxx:1: warning: ignoring #pragma   [-Wunknown-pragmas]
    1 | #pragma
      | 
Linking CXX executable cmTC_79848
/usr/bin/cmake -E cmake_link_script CMakeFiles/cmTC_79848.dir/link.txt --verbose=1
/usr/bin/c++     -fsigned-char -W -Wall -Wreturn-type -Wnon-virtual-dtor -Waddress -Wsequence-point -Wformat -Wformat-security -Wmissing-declarations -Wundef -Winit-self -Wpointer-arith -Wshadow -Wsign-promo -Wuninitialized -Wsuggest-override -Wno-delete-non-virtual-dtor -Wno-comment -Wimplicit-fallthrough=3 -Wno-strict-overflow -fdiagnostics-show-option -Wno-long-long -pthread -fomit-frame-pointer -ffunction-sections -fdata-sections  -msse -msse2 -msse3 -fvisibility=hidden -fvisibility-inlines-hidden -Wno-deprecated  -O3 -DNDEBUG  -DNDEBUG    -Wl,--gc-sections -Wl,--as-needed -Wl,--no-undefined  CMakeFiles/cmTC_79848.dir/src.cxx.o  -o cmTC_79848 
make[1]: Leaving directory '/home/saab/Desktop/2023_UWR/opencv/opencv-4.x/build/CMakeFiles/CMakeTmp'


===== END =====

Build output check failed:
    Regex: 'unrecognized .*option'
    Output line: 'cc1plus: warning: unrecognized command line option ‘-Wno-tautological-undefined-compare’'
Compilation failed:
    source file: '/home/saab/Desktop/2023_UWR/opencv/opencv-4.x/build/CMakeFiles/CMakeTmp/src.cxx'
    check option: ' -Wno-tautological-undefined-compare'
===== BUILD LOG =====
Change Dir: /home/saab/Desktop/2023_UWR/opencv/opencv-4.x/build/CMakeFiles/CMakeTmp

Run Build Command(s):/usr/bin/make cmTC_cdeb0/fast && /usr/bin/make -f CMakeFiles/cmTC_cdeb0.dir/build.make CMakeFiles/cmTC_cdeb0.dir/build
make[1]: Entering directory '/home/saab/Desktop/2023_UWR/opencv/opencv-4.x/build/CMakeFiles/CMakeTmp'
Building CXX object CMakeFiles/cmTC_cdeb0.dir/src.cxx.o
/usr/bin/c++    -fsigned-char -W -Wall -Wreturn-type -Wnon-virtual-dtor -Waddress -Wsequence-point -Wformat -Wformat-security -Winit-self -Wpointer-arith -Wuninitialized -Wsuggest-override -Wno-delete-non-virtual-dtor -Wno-comment -Wimplicit-fallthrough=3 -Wno-strict-overflow -fdiagnostics-show-option -Wno-long-long -pthread -fomit-frame-pointer -ffunction-sections -fdata-sections  -msse -msse2 -msse3 -fvisibility=hidden -fvisibility-inlines-hidden -Wno-deprecated -Wno-missing-declarations -Wno-shadow -Wno-unused-parameter -Wno-unused-local-typedefs -Wno-sign-compare -Wno-sign-promo -Wno-undef  -O3 -DNDEBUG  -DNDEBUG -fPIE    -Wno-tautological-undefined-compare -std=c++11 -o CMakeFiles/cmTC_cdeb0.dir/src.cxx.o -c /home/saab/Desktop/2023_UWR/opencv/opencv-4.x/build/CMakeFiles/CMakeTmp/src.cxx
/home/saab/Desktop/2023_UWR/opencv/opencv-4.x/build/CMakeFiles/CMakeTmp/src.cxx:1: warning: ignoring #pragma   [-Wunknown-pragmas]
    1 | #pragma
      | 
cc1plus: warning: unrecognized command line option ‘-Wno-tautological-undefined-compare’
Linking CXX executable cmTC_cdeb0
/usr/bin/cmake -E cmake_link_script CMakeFiles/cmTC_cdeb0.dir/link.txt --verbose=1
/usr/bin/c++     -fsigned-char -W -Wall -Wreturn-type -Wnon-virtual-dtor -Waddress -Wsequence-point -Wformat -Wformat-security -Winit-self -Wpointer-arith -Wuninitialized -Wsuggest-override -Wno-delete-non-virtual-dtor -Wno-comment -Wimplicit-fallthrough=3 -Wno-strict-overflow -fdiagnostics-show-option -Wno-long-long -pthread -fomit-frame-pointer -ffunction-sections -fdata-sections  -msse -msse2 -msse3 -fvisibility=hidden -fvisibility-inlines-hidden -Wno-deprecated -Wno-missing-declarations -Wno-shadow -Wno-unused-parameter -Wno-unused-local-typedefs -Wno-sign-compare -Wno-sign-promo -Wno-undef  -O3 -DNDEBUG  -DNDEBUG    -Wl,--gc-sections -Wl,--as-needed -Wl,--no-undefined  CMakeFiles/cmTC_cdeb0.dir/src.cxx.o  -o cmTC_cdeb0 
make[1]: Leaving directory '/home/saab/Desktop/2023_UWR/opencv/opencv-4.x/build/CMakeFiles/CMakeTmp'


===== END =====

Build output check failed:
    Regex: 'unrecognized .*option'
    Output line: 'cc1plus: warning: unrecognized command line option ‘-Wno-shorten-64-to-32’'
Compilation failed:
    source file: '/home/saab/Desktop/2023_UWR/opencv/opencv-4.x/build/CMakeFiles/CMakeTmp/src.cxx'
    check option: ' -Wno-shorten-64-to-32'
===== BUILD LOG =====
Change Dir: /home/saab/Desktop/2023_UWR/opencv/opencv-4.x/build/CMakeFiles/CMakeTmp

Run Build Command(s):/usr/bin/make cmTC_304a4/fast && /usr/bin/make -f CMakeFiles/cmTC_304a4.dir/build.make CMakeFiles/cmTC_304a4.dir/build
make[1]: Entering directory '/home/saab/Desktop/2023_UWR/opencv/opencv-4.x/build/CMakeFiles/CMakeTmp'
Building CXX object CMakeFiles/cmTC_304a4.dir/src.cxx.o
/usr/bin/c++    -fsigned-char -W -Wall -Wreturn-type -Wnon-virtual-dtor -Waddress -Wsequence-point -Wformat -Wformat-security -Winit-self -Wpointer-arith -Wuninitialized -Wsuggest-override -Wno-delete-non-virtual-dtor -Wno-comment -Wimplicit-fallthrough=3 -Wno-strict-overflow -fdiagnostics-show-option -Wno-long-long -pthread -fomit-frame-pointer -ffunction-sections -fdata-sections  -msse -msse2 -msse3 -fvisibility=hidden -fvisibility-inlines-hidden -Wno-deprecated -Wno-missing-declarations -Wno-shadow -Wno-unused-parameter -Wno-unused-local-typedefs -Wno-sign-compare -Wno-sign-promo -Wno-undef -Wno-ignored-qualifiers -Wno-extra -Wno-unused-function -Wno-unused-const-variable  -O3 -DNDEBUG  -DNDEBUG -fPIE    -Wno-shorten-64-to-32 -std=c++11 -o CMakeFiles/cmTC_304a4.dir/src.cxx.o -c /home/saab/Desktop/2023_UWR/opencv/opencv-4.x/build/CMakeFiles/CMakeTmp/src.cxx
/home/saab/Desktop/2023_UWR/opencv/opencv-4.x/build/CMakeFiles/CMakeTmp/src.cxx:1: warning: ignoring #pragma   [-Wunknown-pragmas]
    1 | #pragma
      | 
cc1plus: warning: unrecognized command line option ‘-Wno-shorten-64-to-32’
Linking CXX executable cmTC_304a4
/usr/bin/cmake -E cmake_link_script CMakeFiles/cmTC_304a4.dir/link.txt --verbose=1
/usr/bin/c++     -fsigned-char -W -Wall -Wreturn-type -Wnon-virtual-dtor -Waddress -Wsequence-point -Wformat -Wformat-security -Winit-self -Wpointer-arith -Wuninitialized -Wsuggest-override -Wno-delete-non-virtual-dtor -Wno-comment -Wimplicit-fallthrough=3 -Wno-strict-overflow -fdiagnostics-show-option -Wno-long-long -pthread -fomit-frame-pointer -ffunction-sections -fdata-sections  -msse -msse2 -msse3 -fvisibility=hidden -fvisibility-inlines-hidden -Wno-deprecated -Wno-missing-declarations -Wno-shadow -Wno-unused-parameter -Wno-unused-local-typedefs -Wno-sign-compare -Wno-sign-promo -Wno-undef -Wno-ignored-qualifiers -Wno-extra -Wno-unused-function -Wno-unused-const-variable  -O3 -DNDEBUG  -DNDEBUG    -Wl,--gc-sections -Wl,--as-needed -Wl,--no-undefined  CMakeFiles/cmTC_304a4.dir/src.cxx.o  -o cmTC_304a4 
make[1]: Leaving directory '/home/saab/Desktop/2023_UWR/opencv/opencv-4.x/build/CMakeFiles/CMakeTmp'


===== END =====

Build output check failed:
    Regex: 'unrecognized .*option'
    Output line: 'cc1plus: warning: unrecognized command line option ‘-Wno-enum-compare-switch’'
Compilation failed:
    source file: '/home/saab/Desktop/2023_UWR/opencv/opencv-4.x/build/CMakeFiles/CMakeTmp/src.cxx'
    check option: ' -Wno-enum-compare-switch'
===== BUILD LOG =====
Change Dir: /home/saab/Desktop/2023_UWR/opencv/opencv-4.x/build/CMakeFiles/CMakeTmp

Run Build Command(s):/usr/bin/make cmTC_e1e77/fast && /usr/bin/make -f CMakeFiles/cmTC_e1e77.dir/build.make CMakeFiles/cmTC_e1e77.dir/build
make[1]: Entering directory '/home/saab/Desktop/2023_UWR/opencv/opencv-4.x/build/CMakeFiles/CMakeTmp'
Building CXX object CMakeFiles/cmTC_e1e77.dir/src.cxx.o
/usr/bin/c++    -fsigned-char -W -Wall -Wreturn-type -Wnon-virtual-dtor -Waddress -Wsequence-point -Wformat -Wformat-security -Winit-self -Wpointer-arith -Wuninitialized -Wsuggest-override -Wno-delete-non-virtual-dtor -Wno-comment -Wimplicit-fallthrough=3 -Wno-strict-overflow -fdiagnostics-show-option -Wno-long-long -pthread -fomit-frame-pointer -ffunction-sections -fdata-sections  -msse -msse2 -msse3 -fvisibility=hidden -fvisibility-inlines-hidden -Wno-deprecated -Wno-missing-declarations -Wno-shadow -Wno-unused-parameter -Wno-unused-local-typedefs -Wno-sign-compare -Wno-sign-promo -Wno-undef -Wno-ignored-qualifiers -Wno-extra -Wno-unused-function -Wno-unused-const-variable -Wno-invalid-offsetof  -O3 -DNDEBUG  -DNDEBUG -fPIE    -Wno-enum-compare-switch -std=c++11 -o CMakeFiles/cmTC_e1e77.dir/src.cxx.o -c /home/saab/Desktop/2023_UWR/opencv/opencv-4.x/build/CMakeFiles/CMakeTmp/src.cxx
/home/saab/Desktop/2023_UWR/opencv/opencv-4.x/build/CMakeFiles/CMakeTmp/src.cxx:1: warning: ignoring #pragma   [-Wunknown-pragmas]
    1 | #pragma
      | 
cc1plus: warning: unrecognized command line option ‘-Wno-enum-compare-switch’
Linking CXX executable cmTC_e1e77
/usr/bin/cmake -E cmake_link_script CMakeFiles/cmTC_e1e77.dir/link.txt --verbose=1
/usr/bin/c++     -fsigned-char -W -Wall -Wreturn-type -Wnon-virtual-dtor -Waddress -Wsequence-point -Wformat -Wformat-security -Winit-self -Wpointer-arith -Wuninitialized -Wsuggest-override -Wno-delete-non-virtual-dtor -Wno-comment -Wimplicit-fallthrough=3 -Wno-strict-overflow -fdiagnostics-show-option -Wno-long-long -pthread -fomit-frame-pointer -ffunction-sections -fdata-sections  -msse -msse2 -msse3 -fvisibility=hidden -fvisibility-inlines-hidden -Wno-deprecated -Wno-missing-declarations -Wno-shadow -Wno-unused-parameter -Wno-unused-local-typedefs -Wno-sign-compare -Wno-sign-promo -Wno-undef -Wno-ignored-qualifiers -Wno-extra -Wno-unused-function -Wno-unused-const-variable -Wno-invalid-offsetof  -O3 -DNDEBUG  -DNDEBUG    -Wl,--gc-sections -Wl,--as-needed -Wl,--no-undefined  CMakeFiles/cmTC_e1e77.dir/src.cxx.o  -o cmTC_e1e77 
make[1]: Leaving directory '/home/saab/Desktop/2023_UWR/opencv/opencv-4.x/build/CMakeFiles/CMakeTmp'


===== END =====

Build output check failed:
    Regex: 'unrecognized .*option'
    Output line: 'cc1plus: warning: unrecognized command line option ‘-Wno-inconsistent-missing-override’'
Compilation failed:
    source file: '/home/saab/Desktop/2023_UWR/opencv/opencv-4.x/build/CMakeFiles/CMakeTmp/src.cxx'
    check option: ' -Wno-inconsistent-missing-override'
===== BUILD LOG =====
Change Dir: /home/saab/Desktop/2023_UWR/opencv/opencv-4.x/build/CMakeFiles/CMakeTmp

Run Build Command(s):/usr/bin/make cmTC_9c051/fast && /usr/bin/make -f CMakeFiles/cmTC_9c051.dir/build.make CMakeFiles/cmTC_9c051.dir/build
make[1]: Entering directory '/home/saab/Desktop/2023_UWR/opencv/opencv-4.x/build/CMakeFiles/CMakeTmp'
Building CXX object CMakeFiles/cmTC_9c051.dir/src.cxx.o
/usr/bin/c++    -fsigned-char -W -Wall -Wreturn-type -Wnon-virtual-dtor -Waddress -Wsequence-point -Wformat -Wformat-security -Winit-self -Wpointer-arith -Wuninitialized -Wno-delete-non-virtual-dtor -Wno-comment -Wimplicit-fallthrough=3 -Wno-strict-overflow -fdiagnostics-show-option -Wno-long-long -pthread -fomit-frame-pointer -ffunction-sections -fdata-sections  -msse -msse2 -msse3 -fvisibility=hidden -fvisibility-inlines-hidden -Wno-deprecated -Wno-missing-declarations -Wno-shadow -Wno-unused-parameter -Wno-unused-local-typedefs -Wno-sign-compare -Wno-sign-promo -Wno-undef -Wno-ignored-qualifiers -Wno-extra -Wno-unused-function -Wno-unused-const-variable -Wno-invalid-offsetof -Wno-suggest-override  -O3 -DNDEBUG  -DNDEBUG -fPIE    -Wno-inconsistent-missing-override -std=c++11 -o CMakeFiles/cmTC_9c051.dir/src.cxx.o -c /home/saab/Desktop/2023_UWR/opencv/opencv-4.x/build/CMakeFiles/CMakeTmp/src.cxx
/home/saab/Desktop/2023_UWR/opencv/opencv-4.x/build/CMakeFiles/CMakeTmp/src.cxx:1: warning: ignoring #pragma   [-Wunknown-pragmas]
    1 | #pragma
      | 
cc1plus: warning: unrecognized command line option ‘-Wno-inconsistent-missing-override’
Linking CXX executable cmTC_9c051
/usr/bin/cmake -E cmake_link_script CMakeFiles/cmTC_9c051.dir/link.txt --verbose=1
/usr/bin/c++     -fsigned-char -W -Wall -Wreturn-type -Wnon-virtual-dtor -Waddress -Wsequence-point -Wformat -Wformat-security -Winit-self -Wpointer-arith -Wuninitialized -Wno-delete-non-virtual-dtor -Wno-comment -Wimplicit-fallthrough=3 -Wno-strict-overflow -fdiagnostics-show-option -Wno-long-long -pthread -fomit-frame-pointer -ffunction-sections -fdata-sections  -msse -msse2 -msse3 -fvisibility=hidden -fvisibility-inlines-hidden -Wno-deprecated -Wno-missing-declarations -Wno-shadow -Wno-unused-parameter -Wno-unused-local-typedefs -Wno-sign-compare -Wno-sign-promo -Wno-undef -Wno-ignored-qualifiers -Wno-extra -Wno-unused-function -Wno-unused-const-variable -Wno-invalid-offsetof -Wno-suggest-override  -O3 -DNDEBUG  -DNDEBUG    -Wl,--gc-sections -Wl,--as-needed -Wl,--no-undefined  CMakeFiles/cmTC_9c051.dir/src.cxx.o  -o cmTC_9c051 
make[1]: Leaving directory '/home/saab/Desktop/2023_UWR/opencv/opencv-4.x/build/CMakeFiles/CMakeTmp'


===== END =====

Build output check failed:
    Regex: 'unrecognized .*option'
    Output line: 'cc1plus: warning: unrecognized command line option ‘-Wno-stringop-overread’'
Compilation failed:
    source file: '/home/saab/Desktop/2023_UWR/opencv/opencv-4.x/build/CMakeFiles/CMakeTmp/src.cxx'
    check option: ' -Wno-stringop-overread'
===== BUILD LOG =====
Change Dir: /home/saab/Desktop/2023_UWR/opencv/opencv-4.x/build/CMakeFiles/CMakeTmp

Run Build Command(s):/usr/bin/make cmTC_5b054/fast && /usr/bin/make -f CMakeFiles/cmTC_5b054.dir/build.make CMakeFiles/cmTC_5b054.dir/build
make[1]: Entering directory '/home/saab/Desktop/2023_UWR/opencv/opencv-4.x/build/CMakeFiles/CMakeTmp'
Building CXX object CMakeFiles/cmTC_5b054.dir/src.cxx.o
/usr/bin/c++    -fsigned-char -W -Wall -Wreturn-type -Wnon-virtual-dtor -Waddress -Wsequence-point -Wformat -Wformat-security -Winit-self -Wpointer-arith -Wuninitialized -Wno-delete-non-virtual-dtor -Wno-comment -Wno-strict-overflow -fdiagnostics-show-option -Wno-long-long -pthread -fomit-frame-pointer -ffunction-sections -fdata-sections  -msse -msse2 -msse3 -fvisibility=hidden -fvisibility-inlines-hidden -Wno-deprecated -Wno-missing-declarations -Wno-shadow -Wno-unused-parameter -Wno-unused-local-typedefs -Wno-sign-compare -Wno-sign-promo -Wno-undef -Wno-ignored-qualifiers -Wno-extra -Wno-unused-function -Wno-unused-const-variable -Wno-invalid-offsetof -Wno-suggest-override -Wno-implicit-fallthrough -Wno-array-bounds -Wno-stringop-overflow  -O3 -DNDEBUG  -DNDEBUG -fPIE    -Wno-stringop-overread -std=c++11 -o CMakeFiles/cmTC_5b054.dir/src.cxx.o -c /home/saab/Desktop/2023_UWR/opencv/opencv-4.x/build/CMakeFiles/CMakeTmp/src.cxx
/home/saab/Desktop/2023_UWR/opencv/opencv-4.x/build/CMakeFiles/CMakeTmp/src.cxx:1: warning: ignoring #pragma   [-Wunknown-pragmas]
    1 | #pragma
      | 
cc1plus: warning: unrecognized command line option ‘-Wno-stringop-overread’
Linking CXX executable cmTC_5b054
/usr/bin/cmake -E cmake_link_script CMakeFiles/cmTC_5b054.dir/link.txt --verbose=1
/usr/bin/c++     -fsigned-char -W -Wall -Wreturn-type -Wnon-virtual-dtor -Waddress -Wsequence-point -Wformat -Wformat-security -Winit-self -Wpointer-arith -Wuninitialized -Wno-delete-non-virtual-dtor -Wno-comment -Wno-strict-overflow -fdiagnostics-show-option -Wno-long-long -pthread -fomit-frame-pointer -ffunction-sections -fdata-sections  -msse -msse2 -msse3 -fvisibility=hidden -fvisibility-inlines-hidden -Wno-deprecated -Wno-missing-declarations -Wno-shadow -Wno-unused-parameter -Wno-unused-local-typedefs -Wno-sign-compare -Wno-sign-promo -Wno-undef -Wno-ignored-qualifiers -Wno-extra -Wno-unused-function -Wno-unused-const-variable -Wno-invalid-offsetof -Wno-suggest-override -Wno-implicit-fallthrough -Wno-array-bounds -Wno-stringop-overflow  -O3 -DNDEBUG  -DNDEBUG    -Wl,--gc-sections -Wl,--as-needed -Wl,--no-undefined  CMakeFiles/cmTC_5b054.dir/src.cxx.o  -o cmTC_5b054 
make[1]: Leaving directory '/home/saab/Desktop/2023_UWR/opencv/opencv-4.x/build/CMakeFiles/CMakeTmp'


===== END =====

Determining if the include file sys/videoio.h exists failed with the following output:
Change Dir: /home/saab/Desktop/2023_UWR/opencv/opencv-4.x/build/CMakeFiles/CMakeTmp

Run Build Command(s):/usr/bin/make cmTC_699ef/fast && /usr/bin/make -f CMakeFiles/cmTC_699ef.dir/build.make CMakeFiles/cmTC_699ef.dir/build
make[1]: Entering directory '/home/saab/Desktop/2023_UWR/opencv/opencv-4.x/build/CMakeFiles/CMakeTmp'
Building C object CMakeFiles/cmTC_699ef.dir/CheckIncludeFile.c.o
/usr/bin/cc   -fsigned-char -W -Wall -Wreturn-type -Waddress -Wsequence-point -Wformat -Wformat-security -Wmissing-declarations -Wmissing-prototypes -Wstrict-prototypes -Wundef -Winit-self -Wpointer-arith -Wshadow -Wuninitialized -Wno-comment -Wimplicit-fallthrough=3 -Wno-strict-overflow -fdiagnostics-show-option -Wno-long-long -pthread -fomit-frame-pointer -ffunction-sections -fdata-sections  -msse -msse2 -msse3 -fvisibility=hidden  -O3 -DNDEBUG  -DNDEBUG -fPIE   -o CMakeFiles/cmTC_699ef.dir/CheckIncludeFile.c.o   -c /home/saab/Desktop/2023_UWR/opencv/opencv-4.x/build/CMakeFiles/CMakeTmp/CheckIncludeFile.c
/home/saab/Desktop/2023_UWR/opencv/opencv-4.x/build/CMakeFiles/CMakeTmp/CheckIncludeFile.c:1:10: fatal error: sys/videoio.h: No such file or directory
    1 | #include <sys/videoio.h>
      |          ^~~~~~~~~~~~~~~
compilation terminated.
make[1]: *** [CMakeFiles/cmTC_699ef.dir/build.make:66: CMakeFiles/cmTC_699ef.dir/CheckIncludeFile.c.o] Error 1
make[1]: Leaving directory '/home/saab/Desktop/2023_UWR/opencv/opencv-4.x/build/CMakeFiles/CMakeTmp'
make: *** [Makefile:121: cmTC_699ef/fast] Error 2



Build output check failed:
    Regex: 'unrecognized .*option'
    Output line: 'cc1plus: warning: unrecognized command line option ‘-Wno-unused-private-field’'
Compilation failed:
    source file: '/home/saab/Desktop/2023_UWR/opencv/opencv-4.x/build/CMakeFiles/CMakeTmp/src.cxx'
    check option: ' -Wno-unused-private-field'
===== BUILD LOG =====
Change Dir: /home/saab/Desktop/2023_UWR/opencv/opencv-4.x/build/CMakeFiles/CMakeTmp

Run Build Command(s):/usr/bin/make cmTC_5cc92/fast && /usr/bin/make -f CMakeFiles/cmTC_5cc92.dir/build.make CMakeFiles/cmTC_5cc92.dir/build
make[1]: Entering directory '/home/saab/Desktop/2023_UWR/opencv/opencv-4.x/build/CMakeFiles/CMakeTmp'
Building CXX object CMakeFiles/cmTC_5cc92.dir/src.cxx.o
/usr/bin/c++    -fsigned-char -W -Wall -Wreturn-type -Wnon-virtual-dtor -Waddress -Wsequence-point -Wformat -Wformat-security -Wmissing-declarations -Wundef -Winit-self -Wpointer-arith -Wshadow -Wsign-promo -Wuninitialized -Wsuggest-override -Wno-delete-non-virtual-dtor -Wno-comment -Wimplicit-fallthrough=3 -Wno-strict-overflow -fdiagnostics-show-option -Wno-long-long -pthread -fomit-frame-pointer -ffunction-sections -fdata-sections  -msse -msse2 -msse3 -fvisibility=hidden -fvisibility-inlines-hidden -Wno-unused-function -Wno-deprecated-declarations -Wno-overloaded-virtual  -O3 -DNDEBUG  -DNDEBUG -fPIE    -Wno-unused-private-field -std=c++11 -o CMakeFiles/cmTC_5cc92.dir/src.cxx.o -c /home/saab/Desktop/2023_UWR/opencv/opencv-4.x/build/CMakeFiles/CMakeTmp/src.cxx
/home/saab/Desktop/2023_UWR/opencv/opencv-4.x/build/CMakeFiles/CMakeTmp/src.cxx:1: warning: ignoring #pragma   [-Wunknown-pragmas]
    1 | #pragma
      | 
cc1plus: warning: unrecognized command line option ‘-Wno-unused-private-field’
Linking CXX executable cmTC_5cc92
/usr/bin/cmake -E cmake_link_script CMakeFiles/cmTC_5cc92.dir/link.txt --verbose=1
/usr/bin/c++     -fsigned-char -W -Wall -Wreturn-type -Wnon-virtual-dtor -Waddress -Wsequence-point -Wformat -Wformat-security -Wmissing-declarations -Wundef -Winit-self -Wpointer-arith -Wshadow -Wsign-promo -Wuninitialized -Wsuggest-override -Wno-delete-non-virtual-dtor -Wno-comment -Wimplicit-fallthrough=3 -Wno-strict-overflow -fdiagnostics-show-option -Wno-long-long -pthread -fomit-frame-pointer -ffunction-sections -fdata-sections  -msse -msse2 -msse3 -fvisibility=hidden -fvisibility-inlines-hidden -Wno-unused-function -Wno-deprecated-declarations -Wno-overloaded-virtual  -O3 -DNDEBUG  -DNDEBUG    -Wl,--gc-sections -Wl,--as-needed -Wl,--no-undefined  CMakeFiles/cmTC_5cc92.dir/src.cxx.o  -o cmTC_5cc92 
make[1]: Leaving directory '/home/saab/Desktop/2023_UWR/opencv/opencv-4.x/build/CMakeFiles/CMakeTmp'


===== END =====

